<?xml version="1.0" encoding="utf-8"?><testsuites name="pytest tests"><testsuite name="pytest" errors="0" failures="0" skipped="0" tests="24" time="0.637" timestamp="2026-05-15T04:19:38.127631+00:00" hostname="agent-env-75651e36-2df5-4dc4-8e1c-63b401e9edc7"><testcase classname="backend.tests.test_nuri_cms.TestSitePublic" name="test_settings_returns_all_seeded_keys" time="0.005" /><testcase classname="backend.tests.test_nuri_cms.TestSitePublic" name="test_collection_endpoint[services]" time="0.003" /><testcase classname="backend.tests.test_nuri_cms.TestSitePublic" name="test_collection_endpoint[machines]" time="0.003" /><testcase classname="backend.tests.test_nuri_cms.TestSitePublic" name="test_collection_endpoint[machine_specs]" time="0.002" /><testcase classname="backend.tests.test_nuri_cms.TestSitePublic" name="test_collection_endpoint[portfolio_sectors]" time="0.002" /><testcase classname="backend.tests.test_nuri_cms.TestSitePublic" name="test_collection_endpoint[testimonials]" time="0.002" /><testcase classname="backend.tests.test_nuri_cms.TestSitePublic" name="test_collection_endpoint[process_steps]" time="0.002" /><testcase classname="backend.tests.test_nuri_cms.TestSitePublic" name="test_collection_endpoint[values]" time="0.003" /><testcase classname="backend.tests.test_nuri_cms.TestSitePublic" name="test_invalid_collection_404" time="0.001" /><testcase classname="backend.tests.test_nuri_cms.TestSitePublic" name="test_site_all_combines_settings_and_collections" time="0.006" /><testcase classname="backend.tests.test_nuri_cms.TestAdminSettings" name="test_unauth_get_settings" time="0.002" /><testcase classname="backend.tests.test_nuri_cms.TestAdminSettings" name="test_unauth_put_setting" time="0.002" /><testcase classname="backend.tests.test_nuri_cms.TestAdminSettings" name="test_update_hero_title_persists" time="0.272" /><testcase classname="backend.tests.test_nuri_cms.TestAdminSettings" name="test_invalid_key_rejected" time="0.002" /><testcase classname="backend.tests.test_nuri_cms.TestAdminCollections" name="test_unauth_list" time="0.001" /><testcase classname="backend.tests.test_nuri_cms.TestAdminCollections" name="test_unauth_create" time="0.001" /><testcase classname="backend.tests.test_nuri_cms.TestAdminCollections" name="test_disallowed_collection_returns_404" time="0.003" /><testcase classname="backend.tests.test_nuri_cms.TestAdminCollections" name="test_full_crud_services" time="0.017" /><testcase classname="backend.tests.test_nuri_cms.TestAdminCollections" name="test_update_invalid_id_404" time="0.003" /><testcase classname="backend.tests.test_nuri_cms.TestAdminMedia" name="test_unauth_upload" time="0.002" /><testcase classname="backend.tests.test_nuri_cms.TestAdminMedia" name="test_unauth_list" time="0.001" /><testcase classname="backend.tests.test_nuri_cms.TestAdminMedia" name="test_upload_image_and_fetch" time="0.013" /><testcase classname="backend.tests.test_nuri_cms.TestAdminMedia" name="test_upload_rejects_non_image" time="0.002" /><testcase classname="backend.tests.test_nuri_cms.TestAdminMedia" name="test_get_media_invalid_id_404" time="0.002" /></testsuite></testsuites>