<?xml version="1.0" encoding="utf-8"?><testsuites name="pytest tests"><testsuite name="pytest" errors="0" failures="0" skipped="0" tests="48" time="1.845" timestamp="2026-05-15T04:19:42.964624+00:00" hostname="agent-env-75651e36-2df5-4dc4-8e1c-63b401e9edc7"><testcase classname="backend.tests.test_nuri_backend.TestPublic" name="test_root" time="0.003" /><testcase classname="backend.tests.test_nuri_backend.TestPublic" name="test_stats" time="0.042" /><testcase classname="backend.tests.test_nuri_backend.TestContact" name="test_submit_valid_inquiry" time="0.044" /><testcase classname="backend.tests.test_nuri_backend.TestContact" name="test_reject_invalid_email" time="0.042" /><testcase classname="backend.tests.test_nuri_backend.TestContact" name="test_reject_short_message" time="0.044" /><testcase classname="backend.tests.test_nuri_backend.TestBlogPublic" name="test_list_published" time="0.044" /><testcase classname="backend.tests.test_nuri_backend.TestBlogPublic" name="test_get_single_post_valid" time="0.044" /><testcase classname="backend.tests.test_nuri_backend.TestBlogPublic" name="test_get_single_post_invalid" time="0.043" /><testcase classname="backend.tests.test_nuri_backend.TestAuth" name="test_login_success" time="0.266" /><testcase classname="backend.tests.test_nuri_backend.TestAuth" name="test_login_wrong_password" time="0.268" /><testcase classname="backend.tests.test_nuri_backend.TestAuth" name="test_login_unknown_user" time="0.043" /><testcase classname="backend.tests.test_nuri_backend.TestAuth" name="test_me_with_bearer" time="0.270" /><testcase classname="backend.tests.test_nuri_backend.TestAuth" name="test_me_with_cookie" time="0.267" /><testcase classname="backend.tests.test_nuri_backend.TestAuth" name="test_me_without_auth" time="0.002" /><testcase classname="backend.tests.test_nuri_backend.TestAdminInquiries" name="test_list_inquiries_protected" time="0.001" /><testcase classname="backend.tests.test_nuri_backend.TestAdminInquiries" name="test_list_inquiries_authed" time="0.003" /><testcase classname="backend.tests.test_nuri_backend.TestAdminInquiries" name="test_mark_read_and_delete_flow" time="0.011" /><testcase classname="backend.tests.test_nuri_backend.TestAdminInquiries" name="test_delete_invalid_inquiry_404" time="0.002" /><testcase classname="backend.tests.test_nuri_backend.TestAdminBlog" name="test_admin_blog_list_protected" time="0.001" /><testcase classname="backend.tests.test_nuri_backend.TestAdminBlog" name="test_admin_blog_list_includes_all" time="0.002" /><testcase classname="backend.tests.test_nuri_backend.TestAdminBlog" name="test_create_update_delete_post" time="0.016" /><testcase classname="backend.tests.test_nuri_backend.TestAdminBlog" name="test_admin_create_blog_requires_auth" time="0.001" /><testcase classname="backend.tests.test_nuri_backend.TestAdminBlog" name="test_admin_update_blog_requires_auth" time="0.001" /><testcase classname="backend.tests.test_nuri_backend.TestAdminBlog" name="test_admin_delete_blog_requires_auth" time="0.001" /><testcase classname="backend.tests.test_nuri_cms.TestSitePublic" name="test_settings_returns_all_seeded_keys" time="0.002" /><testcase classname="backend.tests.test_nuri_cms.TestSitePublic" name="test_collection_endpoint[services]" time="0.002" /><testcase classname="backend.tests.test_nuri_cms.TestSitePublic" name="test_collection_endpoint[machines]" time="0.002" /><testcase classname="backend.tests.test_nuri_cms.TestSitePublic" name="test_collection_endpoint[machine_specs]" time="0.002" /><testcase classname="backend.tests.test_nuri_cms.TestSitePublic" name="test_collection_endpoint[portfolio_sectors]" time="0.002" /><testcase classname="backend.tests.test_nuri_cms.TestSitePublic" name="test_collection_endpoint[testimonials]" time="0.002" /><testcase classname="backend.tests.test_nuri_cms.TestSitePublic" name="test_collection_endpoint[process_steps]" time="0.002" /><testcase classname="backend.tests.test_nuri_cms.TestSitePublic" name="test_collection_endpoint[values]" time="0.002" /><testcase classname="backend.tests.test_nuri_cms.TestSitePublic" name="test_invalid_collection_404" time="0.001" /><testcase classname="backend.tests.test_nuri_cms.TestSitePublic" name="test_site_all_combines_settings_and_collections" time="0.006" /><testcase classname="backend.tests.test_nuri_cms.TestAdminSettings" name="test_unauth_get_settings" time="0.001" /><testcase classname="backend.tests.test_nuri_cms.TestAdminSettings" name="test_unauth_put_setting" time="0.001" /><testcase classname="backend.tests.test_nuri_cms.TestAdminSettings" name="test_update_hero_title_persists" time="0.240" /><testcase classname="backend.tests.test_nuri_cms.TestAdminSettings" name="test_invalid_key_rejected" time="0.002" /><testcase classname="backend.tests.test_nuri_cms.TestAdminCollections" name="test_unauth_list" time="0.001" /><testcase classname="backend.tests.test_nuri_cms.TestAdminCollections" name="test_unauth_create" time="0.001" /><testcase classname="backend.tests.test_nuri_cms.TestAdminCollections" name="test_disallowed_collection_returns_404" time="0.002" /><testcase classname="backend.tests.test_nuri_cms.TestAdminCollections" name="test_full_crud_services" time="0.012" /><testcase classname="backend.tests.test_nuri_cms.TestAdminCollections" name="test_update_invalid_id_404" time="0.002" /><testcase classname="backend.tests.test_nuri_cms.TestAdminMedia" name="test_unauth_upload" time="0.002" /><testcase classname="backend.tests.test_nuri_cms.TestAdminMedia" name="test_unauth_list" time="0.001" /><testcase classname="backend.tests.test_nuri_cms.TestAdminMedia" name="test_upload_image_and_fetch" time="0.012" /><testcase classname="backend.tests.test_nuri_cms.TestAdminMedia" name="test_upload_rejects_non_image" time="0.002" /><testcase classname="backend.tests.test_nuri_cms.TestAdminMedia" name="test_get_media_invalid_id_404" time="0.002" /></testsuite></testsuites>